# JRE version: OpenJDK Runtime Environment (8.0_252-b09) (build 1.8.0_252-8u252-b09-1~18.04-b09)
# Java VM: OpenJDK 64-Bit Server VM (25.252-b09 mixed mode linux-amd64 compressed oops)
Heap:
 PSYoungGen      total 289280K, used 268925K [0x00000000eab00000, 0x0000000100000000, 0x0000000100000000)
  eden space 252928K, 92% used [0x00000000eab00000,0x00000000f8e57f38,0x00000000fa200000)
  from space 36352K, 99% used [0x00000000fa200000,0x00000000fc547708,0x00000000fc580000)
  to   space 51200K, 0% used [0x00000000fce00000,0x00000000fce00000,0x0000000100000000)
 ParOldGen       total 178176K, used 124824K [0x00000000c0000000, 0x00000000cae00000, 0x00000000eab00000)
  object space 178176K, 70% used [0x00000000c0000000,0x00000000c79e60a8,0x00000000cae00000)
 Metaspace       used 73377K, capacity 78816K, committed 78976K, reserved 1118208K
  class space    used 9558K, capacity 10087K, committed 10112K, reserved 1048576K
GC Heap History (10 events):
Event: 60.102 GC heap before
{Heap before GC invocations=35 (full 6):
 PSYoungGen      total 305152K, used 285525K [0x00000000eab00000, 0x00000000ffb80000, 0x0000000100000000)
  eden space 265216K, 100% used [0x00000000eab00000,0x00000000fae00000,0x00000000fae00000)
  from space 39936K, 50% used [0x00000000fd480000,0x00000000fe8557c0,0x00000000ffb80000)
  to   space 39424K, 0% used [0x00000000fae00000,0x00000000fae00000,0x00000000fd480000)
 ParOldGen       total 178176K, used 124800K [0x00000000c0000000, 0x00000000cae00000, 0x00000000eab00000)
  object space 178176K, 70% used [0x00000000c0000000,0x00000000c79e00a8,0x00000000cae00000)
 Metaspace       used 65764K, capacity 69512K, committed 69760K, reserved 1110016K
  class space    used 8659K, capacity 8980K, committed 9088K, reserved 1048576K
Event: 60.165 GC heap after
Heap after GC invocations=35 (full 6):
 PSYoungGen      total 304640K, used 24448K [0x00000000eab00000, 0x0000000100000000, 0x0000000100000000)
  eden space 265216K, 0% used [0x00000000eab00000,0x00000000eab00000,0x00000000fae00000)
  from space 39424K, 62% used [0x00000000fae00000,0x00000000fc5e0388,0x00000000fd480000)
  to   space 39936K, 0% used [0x00000000fd900000,0x00000000fd900000,0x0000000100000000)
 ParOldGen       total 178176K, used 124808K [0x00000000c0000000, 0x00000000cae00000, 0x00000000eab00000)
  object space 178176K, 70% used [0x00000000c0000000,0x00000000c79e20a8,0x00000000cae00000)
 Metaspace       used 65764K, capacity 69512K, committed 69760K, reserved 1110016K
  class space    used 8659K, capacity 8980K, committed 9088K, reserved 1048576K
}
Event: 64.038 GC heap before
{Heap before GC invocations=36 (full 6):
 PSYoungGen      total 304640K, used 289664K [0x00000000eab00000, 0x0000000100000000, 0x0000000100000000)
  eden space 265216K, 100% used [0x00000000eab00000,0x00000000fae00000,0x00000000fae00000)
  from space 39424K, 62% used [0x00000000fae00000,0x00000000fc5e0388,0x00000000fd480000)
  to   space 39936K, 0% used [0x00000000fd900000,0x00000000fd900000,0x0000000100000000)
 ParOldGen       total 178176K, used 124808K [0x00000000c0000000, 0x00000000cae00000, 0x00000000eab00000)
  object space 178176K, 70% used [0x00000000c0000000,0x00000000c79e20a8,0x00000000cae00000)
 Metaspace       used 65769K, capacity 69512K, committed 69760K, reserved 1110016K
  class space    used 8659K, capacity 8980K, committed 9088K, reserved 1048576K
Event: 64.110 GC heap after
Heap after GC invocations=36 (full 6):
 PSYoungGen      total 305152K, used 28512K [0x00000000eab00000, 0x0000000100000000, 0x0000000100000000)
  eden space 265216K, 0% used [0x00000000eab00000,0x00000000eab00000,0x00000000fae00000)
  from space 39936K, 71% used [0x00000000fd900000,0x00000000ff4d8388,0x0000000100000000)
  to   space 41984K, 0% used [0x00000000fae00000,0x00000000fae00000,0x00000000fd700000)
 ParOldGen       total 178176K, used 124808K [0x00000000c0000000, 0x00000000cae00000, 0x00000000eab00000)
  object space 178176K, 70% used [0x00000000c0000000,0x00000000c79e20a8,0x00000000cae00000)
 Metaspace       used 65769K, capacity 69512K, committed 69760K, reserved 1110016K
  class space    used 8659K, capacity 8980K, committed 9088K, reserved 1048576K
}
Event: 67.694 GC heap before
{Heap before GC invocations=37 (full 6):
 PSYoungGen      total 305152K, used 293728K [0x00000000eab00000, 0x0000000100000000, 0x0000000100000000)
  eden space 265216K, 100% used [0x00000000eab00000,0x00000000fae00000,0x00000000fae00000)
  from space 39936K, 71% used [0x00000000fd900000,0x00000000ff4d8388,0x0000000100000000)
  to   space 41984K, 0% used [0x00000000fae00000,0x00000000fae00000,0x00000000fd700000)
 ParOldGen       total 178176K, used 124808K [0x00000000c0000000, 0x00000000cae00000, 0x00000000eab00000)
  object space 178176K, 70% used [0x00000000c0000000,0x00000000c79e20a8,0x00000000cae00000)
 Metaspace       used 65779K, capacity 69512K, committed 69760K, reserved 1110016K
  class space    used 8659K, capacity 8980K, committed 9088K, reserved 1048576K
Event: 67.787 GC heap after
Heap after GC invocations=37 (full 6):
 PSYoungGen      total 299008K, used 33553K [0x00000000eab00000, 0x0000000100000000, 0x0000000100000000)
  eden space 265216K, 0% used [0x00000000eab00000,0x00000000eab00000,0x00000000fae00000)
  from space 33792K, 99% used [0x00000000fae00000,0x00000000fcec4538,0x00000000fcf00000)
  to   space 45056K, 0% used [0x00000000fd400000,0x00000000fd400000,0x0000000100000000)
 ParOldGen       total 178176K, used 124808K [0x00000000c0000000, 0x00000000cae00000, 0x00000000eab00000)
  object space 178176K, 70% used [0x00000000c0000000,0x00000000c79e20a8,0x00000000cae00000)
 Metaspace       used 65779K, capacity 69512K, committed 69760K, reserved 1110016K
  class space    used 8659K, capacity 8980K, committed 9088K, reserved 1048576K
}
Event: 138.484 GC heap before
{Heap before GC invocations=38 (full 6):
 PSYoungGen      total 299008K, used 298698K [0x00000000eab00000, 0x0000000100000000, 0x0000000100000000)
  eden space 265216K, 99% used [0x00000000eab00000,0x00000000fadee660,0x00000000fae00000)
  from space 33792K, 99% used [0x00000000fae00000,0x00000000fcec4538,0x00000000fcf00000)
  to   space 45056K, 0% used [0x00000000fd400000,0x00000000fd400000,0x0000000100000000)
 ParOldGen       total 178176K, used 124808K [0x00000000c0000000, 0x00000000cae00000, 0x00000000eab00000)
  object space 178176K, 70% used [0x00000000c0000000,0x00000000c79e20a8,0x00000000cae00000)
 Metaspace       used 69007K, capacity 73752K, committed 73984K, reserved 1114112K
  class space    used 9155K, capacity 9625K, committed 9728K, reserved 1048576K
Event: 138.607 GC heap after
Heap after GC invocations=38 (full 6):
 PSYoungGen      total 297984K, used 34532K [0x00000000eab00000, 0x0000000100000000, 0x0000000100000000)
  eden space 252928K, 0% used [0x00000000eab00000,0x00000000eab00000,0x00000000fa200000)
  from space 45056K, 76% used [0x00000000fd400000,0x00000000ff5b92b0,0x0000000100000000)
  to   space 48128K, 0% used [0x00000000fa200000,0x00000000fa200000,0x00000000fd100000)
 ParOldGen       total 178176K, used 124816K [0x00000000c0000000, 0x00000000cae00000, 0x00000000eab00000)
  object space 178176K, 70% used [0x00000000c0000000,0x00000000c79e40a8,0x00000000cae00000)
 Metaspace       used 69007K, capacity 73752K, committed 73984K, reserved 1114112K
  class space    used 9155K, capacity 9625K, committed 9728K, reserved 1048576K
}
Event: 484.339 GC heap before
{Heap before GC invocations=39 (full 6):
 PSYoungGen      total 297984K, used 287460K [0x00000000eab00000, 0x0000000100000000, 0x0000000100000000)
  eden space 252928K, 100% used [0x00000000eab00000,0x00000000fa200000,0x00000000fa200000)
  from space 45056K, 76% used [0x00000000fd400000,0x00000000ff5b92b0,0x0000000100000000)
  to   space 48128K, 0% used [0x00000000fa200000,0x00000000fa200000,0x00000000fd100000)
 ParOldGen       total 178176K, used 124816K [0x00000000c0000000, 0x00000000cae00000, 0x00000000eab00000)
  object space 178176K, 70% used [0x00000000c0000000,0x00000000c79e40a8,0x00000000cae00000)
 Metaspace       used 72417K, capacity 77608K, committed 77824K, reserved 1118208K
  class space    used 9461K, capacity 9953K, committed 9984K, reserved 1048576K
Event: 484.464 GC heap after
Heap after GC invocations=39 (full 6):
 PSYoungGen      total 289280K, used 36125K [0x00000000eab00000, 0x0000000100000000, 0x0000000100000000)
  eden space 252928K, 0% used [0x00000000eab00000,0x00000000eab00000,0x00000000fa200000)
  from space 36352K, 99% used [0x00000000fa200000,0x00000000fc547708,0x00000000fc580000)
  to   space 51200K, 0% used [0x00000000fce00000,0x00000000fce00000,0x0000000100000000)
 ParOldGen       total 178176K, used 124824K [0x00000000c0000000, 0x00000000cae00000, 0x00000000eab00000)
  object space 178176K, 70% used [0x00000000c0000000,0x00000000c79e60a8,0x00000000cae00000)
 Metaspace       used 72417K, capacity 77608K, committed 77824K, reserved 1118208K
  class space    used 9461K, capacity 9953K, committed 9984K, reserved 1048576K
}

