# JRE version: OpenJDK Runtime Environment (8.0_252-b09) (build 1.8.0_252-8u252-b09-1~18.04-b09)
# Java VM: OpenJDK 64-Bit Server VM (25.252-b09 mixed mode linux-amd64 compressed oops)
Heap:
 PSYoungGen      total 306176K, used 14812K [0x00000000eab00000, 0x0000000100000000, 0x0000000100000000)
  eden space 288256K, 0% used [0x00000000eab00000,0x00000000eab00000,0x00000000fc480000)
  from space 17920K, 82% used [0x00000000fdf00000,0x00000000fed770a8,0x00000000ff080000)
  to   space 27136K, 0% used [0x00000000fc480000,0x00000000fc480000,0x00000000fdf00000)
 ParOldGen       total 50688K, used 50561K [0x00000000c0000000, 0x00000000c3180000, 0x00000000eab00000)
  object space 50688K, 99% used [0x00000000c0000000,0x00000000c3160508,0x00000000c3180000)
 Metaspace       used 70258K, capacity 75230K, committed 75648K, reserved 1116160K
  class space    used 9286K, capacity 9737K, committed 9856K, reserved 1048576K
GC Heap History (10 events):
Event: 1824.839 GC heap after
Heap after GC invocations=24 (full 3):
 PSYoungGen      total 237056K, used 128K [0x00000000eab00000, 0x00000000f9e00000, 0x0000000100000000)
  eden space 225280K, 0% used [0x00000000eab00000,0x00000000eab00000,0x00000000f8700000)
  from space 11776K, 1% used [0x00000000f8700000,0x00000000f8720000,0x00000000f9280000)
  to   space 11776K, 0% used [0x00000000f9280000,0x00000000f9280000,0x00000000f9e00000)
 ParOldGen       total 50688K, used 22746K [0x00000000c0000000, 0x00000000c3180000, 0x00000000eab00000)
  object space 50688K, 44% used [0x00000000c0000000,0x00000000c16369e8,0x00000000c3180000)
 Metaspace       used 70071K, capacity 75144K, committed 75392K, reserved 1114112K
  class space    used 9288K, capacity 9748K, committed 9856K, reserved 1048576K
}
Event: 1824.839 GC heap before
{Heap before GC invocations=25 (full 4):
 PSYoungGen      total 237056K, used 128K [0x00000000eab00000, 0x00000000f9e00000, 0x0000000100000000)
  eden space 225280K, 0% used [0x00000000eab00000,0x00000000eab00000,0x00000000f8700000)
  from space 11776K, 1% used [0x00000000f8700000,0x00000000f8720000,0x00000000f9280000)
  to   space 11776K, 0% used [0x00000000f9280000,0x00000000f9280000,0x00000000f9e00000)
 ParOldGen       total 50688K, used 22746K [0x00000000c0000000, 0x00000000c3180000, 0x00000000eab00000)
  object space 50688K, 44% used [0x00000000c0000000,0x00000000c16369e8,0x00000000c3180000)
 Metaspace       used 70071K, capacity 75144K, committed 75392K, reserved 1114112K
  class space    used 9288K, capacity 9748K, committed 9856K, reserved 1048576K
Event: 1825.048 GC heap after
Heap after GC invocations=25 (full 4):
 PSYoungGen      total 237056K, used 0K [0x00000000eab00000, 0x00000000f9e00000, 0x0000000100000000)
  eden space 225280K, 0% used [0x00000000eab00000,0x00000000eab00000,0x00000000f8700000)
  from space 11776K, 0% used [0x00000000f8700000,0x00000000f8700000,0x00000000f9280000)
  to   space 11776K, 0% used [0x00000000f9280000,0x00000000f9280000,0x00000000f9e00000)
 ParOldGen       total 50688K, used 21327K [0x00000000c0000000, 0x00000000c3180000, 0x00000000eab00000)
  object space 50688K, 42% used [0x00000000c0000000,0x00000000c14d3d78,0x00000000c3180000)
 Metaspace       used 70071K, capacity 75144K, committed 75392K, reserved 1114112K
  class space    used 9288K, capacity 9748K, committed 9856K, reserved 1048576K
}
Event: 2355.737 GC heap before
{Heap before GC invocations=26 (full 4):
 PSYoungGen      total 237056K, used 225280K [0x00000000eab00000, 0x00000000f9e00000, 0x0000000100000000)
  eden space 225280K, 100% used [0x00000000eab00000,0x00000000f8700000,0x00000000f8700000)
  from space 11776K, 0% used [0x00000000f8700000,0x00000000f8700000,0x00000000f9280000)
  to   space 11776K, 0% used [0x00000000f9280000,0x00000000f9280000,0x00000000f9e00000)
 ParOldGen       total 50688K, used 21327K [0x00000000c0000000, 0x00000000c3180000, 0x00000000eab00000)
  object space 50688K, 42% used [0x00000000c0000000,0x00000000c14d3d78,0x00000000c3180000)
 Metaspace       used 70248K, capacity 75294K, committed 75648K, reserved 1116160K
  class space    used 9293K, capacity 9751K, committed 9856K, reserved 1048576K
Event: 2355.766 GC heap after
Heap after GC invocations=26 (full 4):
 PSYoungGen      total 237568K, used 5119K [0x00000000eab00000, 0x00000000fe680000, 0x0000000100000000)
  eden space 225792K, 0% used [0x00000000eab00000,0x00000000eab00000,0x00000000f8780000)
  from space 11776K, 43% used [0x00000000f9280000,0x00000000f977fc90,0x00000000f9e00000)
  to   space 11264K, 0% used [0x00000000f8780000,0x00000000f8780000,0x00000000f9280000)
 ParOldGen       total 50688K, used 21335K [0x00000000c0000000, 0x00000000c3180000, 0x00000000eab00000)
  object space 50688K, 42% used [0x00000000c0000000,0x00000000c14d5d78,0x00000000c3180000)
 Metaspace       used 70248K, capacity 75294K, committed 75648K, reserved 1116160K
  class space    used 9293K, capacity 9751K, committed 9856K, reserved 1048576K
}
Event: 2392.761 GC heap before
{Heap before GC invocations=27 (full 4):
 PSYoungGen      total 237568K, used 230911K [0x00000000eab00000, 0x00000000fe680000, 0x0000000100000000)
  eden space 225792K, 100% used [0x00000000eab00000,0x00000000f8780000,0x00000000f8780000)
  from space 11776K, 43% used [0x00000000f9280000,0x00000000f977fc90,0x00000000f9e00000)
  to   space 11264K, 0% used [0x00000000f8780000,0x00000000f8780000,0x00000000f9280000)
 ParOldGen       total 50688K, used 21335K [0x00000000c0000000, 0x00000000c3180000, 0x00000000eab00000)
  object space 50688K, 42% used [0x00000000c0000000,0x00000000c14d5d78,0x00000000c3180000)
 Metaspace       used 70283K, capacity 75294K, committed 75648K, reserved 1116160K
  class space    used 9293K, capacity 9751K, committed 9856K, reserved 1048576K
Event: 2392.816 GC heap after
Heap after GC invocations=27 (full 4):
 PSYoungGen      total 237056K, used 11250K [0x00000000eab00000, 0x00000000ff080000, 0x0000000100000000)
  eden space 225792K, 0% used [0x00000000eab00000,0x00000000eab00000,0x00000000f8780000)
  from space 11264K, 99% used [0x00000000f8780000,0x00000000f927c970,0x00000000f9280000)
  to   space 17920K, 0% used [0x00000000fdf00000,0x00000000fdf00000,0x00000000ff080000)
 ParOldGen       total 50688K, used 34287K [0x00000000c0000000, 0x00000000c3180000, 0x00000000eab00000)
  object space 50688K, 67% used [0x00000000c0000000,0x00000000c217bdc8,0x00000000c3180000)
 Metaspace       used 70283K, capacity 75294K, committed 75648K, reserved 1116160K
  class space    used 9293K, capacity 9751K, committed 9856K, reserved 1048576K
}
Event: 2393.436 GC heap before
{Heap before GC invocations=28 (full 4):
 PSYoungGen      total 237056K, used 237042K [0x00000000eab00000, 0x00000000ff080000, 0x0000000100000000)
  eden space 225792K, 100% used [0x00000000eab00000,0x00000000f8780000,0x00000000f8780000)
  from space 11264K, 99% used [0x00000000f8780000,0x00000000f927c970,0x00000000f9280000)
  to   space 17920K, 0% used [0x00000000fdf00000,0x00000000fdf00000,0x00000000ff080000)
 ParOldGen       total 50688K, used 34287K [0x00000000c0000000, 0x00000000c3180000, 0x00000000eab00000)
  object space 50688K, 67% used [0x00000000c0000000,0x00000000c217bdc8,0x00000000c3180000)
 Metaspace       used 70292K, capacity 75294K, committed 75648K, reserved 1116160K
  class space    used 9293K, capacity 9751K, committed 9856K, reserved 1048576K
Event: 2393.503 GC heap after
Heap after GC invocations=28 (full 4):
 PSYoungGen      total 306176K, used 17913K [0x00000000eab00000, 0x0000000100000000, 0x0000000100000000)
  eden space 288256K, 0% used [0x00000000eab00000,0x00000000eab00000,0x00000000fc480000)
  from space 17920K, 99% used [0x00000000fdf00000,0x00000000ff07e520,0x00000000ff080000)
  to   space 27136K, 0% used [0x00000000fc480000,0x00000000fc480000,0x00000000fdf00000)
 ParOldGen       total 50688K, used 50425K [0x00000000c0000000, 0x00000000c3180000, 0x00000000eab00000)
  object space 50688K, 99% used [0x00000000c0000000,0x00000000c313e560,0x00000000c3180000)
 Metaspace       used 70292K, capacity 75294K, committed 75648K, reserved 1116160K
  class space    used 9293K, capacity 9751K, committed 9856K, reserved 1048576K
}
Event: 2393.505 GC heap before
{Heap before GC invocations=29 (full 5):
 PSYoungGen      total 306176K, used 17913K [0x00000000eab00000, 0x0000000100000000, 0x0000000100000000)
  eden space 288256K, 0% used [0x00000000eab00000,0x00000000eab00000,0x00000000fc480000)
  from space 17920K, 99% used [0x00000000fdf00000,0x00000000ff07e520,0x00000000ff080000)
  to   space 27136K, 0% used [0x00000000fc480000,0x00000000fc480000,0x00000000fdf00000)
 ParOldGen       total 50688K, used 50425K [0x00000000c0000000, 0x00000000c3180000, 0x00000000eab00000)
  object space 50688K, 99% used [0x00000000c0000000,0x00000000c313e560,0x00000000c3180000)
 Metaspace       used 70292K, capacity 75294K, committed 75648K, reserved 1116160K
  class space    used 9293K, capacity 9751K, committed 9856K, reserved 1048576K

