# JRE version: OpenJDK Runtime Environment (8.0_252-b09) (build 1.8.0_252-8u252-b09-1~18.04-b09)
# Java VM: OpenJDK 64-Bit Server VM (25.252-b09 mixed mode linux-amd64 compressed oops)
Heap:
 PSYoungGen      total 166400K, used 10228K [0x00000000eab00000, 0x00000000f6100000, 0x0000000100000000)
  eden space 156160K, 0% used [0x00000000eab00000,0x00000000eab00000,0x00000000f4380000)
  from space 10240K, 99% used [0x00000000f4380000,0x00000000f4d7d2e0,0x00000000f4d80000)
  to   space 8192K, 0% used [0x00000000f4d80000,0x00000000f4d80000,0x00000000f5580000)
 ParOldGen       total 45568K, used 22895K [0x00000000c0000000, 0x00000000c2c80000, 0x00000000eab00000)
  object space 45568K, 50% used [0x00000000c0000000,0x00000000c165bff8,0x00000000c2c80000)
 Metaspace       used 55718K, capacity 59030K, committed 59136K, reserved 1099776K
  class space    used 7538K, capacity 7842K, committed 7936K, reserved 1048576K
GC Heap History (10 events):
Event: 5.219 GC heap after
Heap after GC invocations=8 (full 1):
 PSYoungGen      total 69632K, used 0K [0x00000000eab00000, 0x00000000f3300000, 0x0000000100000000)
  eden space 63488K, 0% used [0x00000000eab00000,0x00000000eab00000,0x00000000ee900000)
  from space 6144K, 0% used [0x00000000ee900000,0x00000000ee900000,0x00000000eef00000)
  to   space 6144K, 0% used [0x00000000f2d00000,0x00000000f2d00000,0x00000000f3300000)
 ParOldGen       total 29696K, used 6193K [0x00000000c0000000, 0x00000000c1d00000, 0x00000000eab00000)
  object space 29696K, 20% used [0x00000000c0000000,0x00000000c060c510,0x00000000c1d00000)
 Metaspace       used 20235K, capacity 21240K, committed 21296K, reserved 1067008K
  class space    used 2834K, capacity 2936K, committed 2944K, reserved 1048576K
}
Event: 6.348 GC heap before
{Heap before GC invocations=9 (full 1):
 PSYoungGen      total 69632K, used 63488K [0x00000000eab00000, 0x00000000f3300000, 0x0000000100000000)
  eden space 63488K, 100% used [0x00000000eab00000,0x00000000ee900000,0x00000000ee900000)
  from space 6144K, 0% used [0x00000000ee900000,0x00000000ee900000,0x00000000eef00000)
  to   space 6144K, 0% used [0x00000000f2d00000,0x00000000f2d00000,0x00000000f3300000)
 ParOldGen       total 29696K, used 6193K [0x00000000c0000000, 0x00000000c1d00000, 0x00000000eab00000)
  object space 29696K, 20% used [0x00000000c0000000,0x00000000c060c510,0x00000000c1d00000)
 Metaspace       used 25104K, capacity 26430K, committed 26752K, reserved 1073152K
  class space    used 3473K, capacity 3633K, committed 3712K, reserved 1048576K
Event: 6.359 GC heap after
Heap after GC invocations=9 (full 1):
 PSYoungGen      total 115712K, used 4739K [0x00000000eab00000, 0x00000000f3200000, 0x0000000100000000)
  eden space 110592K, 0% used [0x00000000eab00000,0x00000000eab00000,0x00000000f1700000)
  from space 5120K, 92% used [0x00000000f2d00000,0x00000000f31a0cf8,0x00000000f3200000)
  to   space 6144K, 0% used [0x00000000f2600000,0x00000000f2600000,0x00000000f2c00000)
 ParOldGen       total 29696K, used 6201K [0x00000000c0000000, 0x00000000c1d00000, 0x00000000eab00000)
  object space 29696K, 20% used [0x00000000c0000000,0x00000000c060e510,0x00000000c1d00000)
 Metaspace       used 25104K, capacity 26430K, committed 26752K, reserved 1073152K
  class space    used 3473K, capacity 3633K, committed 3712K, reserved 1048576K
}
Event: 8.016 GC heap before
{Heap before GC invocations=10 (full 1):
 PSYoungGen      total 115712K, used 82395K [0x00000000eab00000, 0x00000000f3200000, 0x0000000100000000)
  eden space 110592K, 70% used [0x00000000eab00000,0x00000000ef6d6088,0x00000000f1700000)
  from space 5120K, 92% used [0x00000000f2d00000,0x00000000f31a0cf8,0x00000000f3200000)
  to   space 6144K, 0% used [0x00000000f2600000,0x00000000f2600000,0x00000000f2c00000)
 ParOldGen       total 29696K, used 6201K [0x00000000c0000000, 0x00000000c1d00000, 0x00000000eab00000)
  object space 29696K, 20% used [0x00000000c0000000,0x00000000c060e510,0x00000000c1d00000)
 Metaspace       used 33399K, capacity 35402K, committed 35496K, reserved 1079296K
  class space    used 4611K, capacity 4820K, committed 4864K, reserved 1048576K
Event: 8.029 GC heap after
Heap after GC invocations=10 (full 1):
 PSYoungGen      total 132096K, used 6114K [0x00000000eab00000, 0x00000000f5580000, 0x0000000100000000)
  eden space 125952K, 0% used [0x00000000eab00000,0x00000000eab00000,0x00000000f2600000)
  from space 6144K, 99% used [0x00000000f2600000,0x00000000f2bf89c8,0x00000000f2c00000)
  to   space 8192K, 0% used [0x00000000f4d80000,0x00000000f4d80000,0x00000000f5580000)
 ParOldGen       total 29696K, used 8836K [0x00000000c0000000, 0x00000000c1d00000, 0x00000000eab00000)
  object space 29696K, 29% used [0x00000000c0000000,0x00000000c08a1128,0x00000000c1d00000)
 Metaspace       used 33399K, capacity 35402K, committed 35496K, reserved 1079296K
  class space    used 4611K, capacity 4820K, committed 4864K, reserved 1048576K
}
Event: 8.029 GC heap before
{Heap before GC invocations=11 (full 2):
 PSYoungGen      total 132096K, used 6114K [0x00000000eab00000, 0x00000000f5580000, 0x0000000100000000)
  eden space 125952K, 0% used [0x00000000eab00000,0x00000000eab00000,0x00000000f2600000)
  from space 6144K, 99% used [0x00000000f2600000,0x00000000f2bf89c8,0x00000000f2c00000)
  to   space 8192K, 0% used [0x00000000f4d80000,0x00000000f4d80000,0x00000000f5580000)
 ParOldGen       total 29696K, used 8836K [0x00000000c0000000, 0x00000000c1d00000, 0x00000000eab00000)
  object space 29696K, 29% used [0x00000000c0000000,0x00000000c08a1128,0x00000000c1d00000)
 Metaspace       used 33399K, capacity 35402K, committed 35496K, reserved 1079296K
  class space    used 4611K, capacity 4820K, committed 4864K, reserved 1048576K
Event: 8.085 GC heap after
Heap after GC invocations=11 (full 2):
 PSYoungGen      total 132096K, used 0K [0x00000000eab00000, 0x00000000f5580000, 0x0000000100000000)
  eden space 125952K, 0% used [0x00000000eab00000,0x00000000eab00000,0x00000000f2600000)
  from space 6144K, 0% used [0x00000000f2600000,0x00000000f2600000,0x00000000f2c00000)
  to   space 8192K, 0% used [0x00000000f4d80000,0x00000000f4d80000,0x00000000f5580000)
 ParOldGen       total 45568K, used 12523K [0x00000000c0000000, 0x00000000c2c80000, 0x00000000eab00000)
  object space 45568K, 27% used [0x00000000c0000000,0x00000000c0c3ace8,0x00000000c2c80000)
 Metaspace       used 33399K, capacity 35402K, committed 35496K, reserved 1079296K
  class space    used 4611K, capacity 4820K, committed 4864K, reserved 1048576K
}
Event: 10.284 GC heap before
{Heap before GC invocations=12 (full 2):
 PSYoungGen      total 132096K, used 125952K [0x00000000eab00000, 0x00000000f5580000, 0x0000000100000000)
  eden space 125952K, 100% used [0x00000000eab00000,0x00000000f2600000,0x00000000f2600000)
  from space 6144K, 0% used [0x00000000f2600000,0x00000000f2600000,0x00000000f2c00000)
  to   space 8192K, 0% used [0x00000000f4d80000,0x00000000f4d80000,0x00000000f5580000)
 ParOldGen       total 45568K, used 12523K [0x00000000c0000000, 0x00000000c2c80000, 0x00000000eab00000)
  object space 45568K, 27% used [0x00000000c0000000,0x00000000c0c3ace8,0x00000000c2c80000)
 Metaspace       used 44880K, capacity 47650K, committed 47744K, reserved 1091584K
  class space    used 5966K, capacity 6225K, committed 6272K, reserved 1048576K
Event: 10.309 GC heap after
Heap after GC invocations=12 (full 2):
 PSYoungGen      total 164352K, used 8160K [0x00000000eab00000, 0x00000000f6100000, 0x0000000100000000)
  eden space 156160K, 0% used [0x00000000eab00000,0x00000000eab00000,0x00000000f4380000)
  from space 8192K, 99% used [0x00000000f4d80000,0x00000000f55781b8,0x00000000f5580000)
  to   space 10240K, 0% used [0x00000000f4380000,0x00000000f4380000,0x00000000f4d80000)
 ParOldGen       total 45568K, used 16288K [0x00000000c0000000, 0x00000000c2c80000, 0x00000000eab00000)
  object space 45568K, 35% used [0x00000000c0000000,0x00000000c0fe8120,0x00000000c2c80000)
 Metaspace       used 44880K, capacity 47650K, committed 47744K, reserved 1091584K
  class space    used 5966K, capacity 6225K, committed 6272K, reserved 1048576K
}
Event: 20.837 GC heap before
{Heap before GC invocations=13 (full 2):
 PSYoungGen      total 164352K, used 132351K [0x00000000eab00000, 0x00000000f6100000, 0x0000000100000000)
  eden space 156160K, 79% used [0x00000000eab00000,0x00000000f2447b68,0x00000000f4380000)
  from space 8192K, 99% used [0x00000000f4d80000,0x00000000f55781b8,0x00000000f5580000)
  to   space 10240K, 0% used [0x00000000f4380000,0x00000000f4380000,0x00000000f4d80000)
 ParOldGen       total 45568K, used 16288K [0x00000000c0000000, 0x00000000c2c80000, 0x00000000eab00000)
  object space 45568K, 35% used [0x00000000c0000000,0x00000000c0fe8120,0x00000000c2c80000)
 Metaspace       used 55718K, capacity 59030K, committed 59136K, reserved 1099776K
  class space    used 7538K, capacity 7842K, committed 7936K, reserved 1048576K

