# JRE version: OpenJDK Runtime Environment (8.0_252-b09) (build 1.8.0_252-8u252-b09-1~18.04-b09)
# Java VM: OpenJDK 64-Bit Server VM (25.252-b09 mixed mode linux-amd64 compressed oops)
Heap:
 PSYoungGen      total 298496K, used 42178K [0x00000000eab00000, 0x0000000100000000, 0x0000000100000000)
  eden space 252928K, 3% used [0x00000000eab00000,0x00000000eb3257a8,0x00000000fa200000)
  from space 45568K, 74% used [0x00000000fd380000,0x00000000ff48b088,0x0000000100000000)
  to   space 48128K, 0% used [0x00000000fa200000,0x00000000fa200000,0x00000000fd100000)
 ParOldGen       total 224768K, used 127616K [0x00000000c0000000, 0x00000000cdb80000, 0x00000000eab00000)
  object space 224768K, 56% used [0x00000000c0000000,0x00000000c7ca00f0,0x00000000cdb80000)
 Metaspace       used 72998K, capacity 78486K, committed 78720K, reserved 1118208K
  class space    used 9547K, capacity 10075K, committed 10112K, reserved 1048576K
GC Heap History (10 events):
Event: 88.870 GC heap before
{Heap before GC invocations=30 (full 6):
 PSYoungGen      total 299520K, used 273077K [0x00000000eab00000, 0x00000000ffb80000, 0x0000000100000000)
  eden space 256512K, 100% used [0x00000000eab00000,0x00000000fa580000,0x00000000fa580000)
  from space 43008K, 38% used [0x00000000fa580000,0x00000000fb5ad7c0,0x00000000fcf80000)
  to   space 40448K, 0% used [0x00000000fd400000,0x00000000fd400000,0x00000000ffb80000)
 ParOldGen       total 224768K, used 127592K [0x00000000c0000000, 0x00000000cdb80000, 0x00000000eab00000)
  object space 224768K, 56% used [0x00000000c0000000,0x00000000c7c9a0f0,0x00000000cdb80000)
 Metaspace       used 65828K, capacity 69586K, committed 69760K, reserved 1110016K
  class space    used 8658K, capacity 8983K, committed 9088K, reserved 1048576K
Event: 88.911 GC heap after
Heap after GC invocations=30 (full 6):
 PSYoungGen      total 304640K, used 20544K [0x00000000eab00000, 0x00000000ffc80000, 0x0000000100000000)
  eden space 264192K, 0% used [0x00000000eab00000,0x00000000eab00000,0x00000000fad00000)
  from space 40448K, 50% used [0x00000000fd400000,0x00000000fe810388,0x00000000ffb80000)
  to   space 39936K, 0% used [0x00000000fad00000,0x00000000fad00000,0x00000000fd400000)
 ParOldGen       total 224768K, used 127592K [0x00000000c0000000, 0x00000000cdb80000, 0x00000000eab00000)
  object space 224768K, 56% used [0x00000000c0000000,0x00000000c7c9a0f0,0x00000000cdb80000)
 Metaspace       used 65828K, capacity 69586K, committed 69760K, reserved 1110016K
  class space    used 8658K, capacity 8983K, committed 9088K, reserved 1048576K
}
Event: 92.645 GC heap before
{Heap before GC invocations=31 (full 6):
 PSYoungGen      total 304640K, used 284736K [0x00000000eab00000, 0x00000000ffc80000, 0x0000000100000000)
  eden space 264192K, 100% used [0x00000000eab00000,0x00000000fad00000,0x00000000fad00000)
  from space 40448K, 50% used [0x00000000fd400000,0x00000000fe810388,0x00000000ffb80000)
  to   space 39936K, 0% used [0x00000000fad00000,0x00000000fad00000,0x00000000fd400000)
 ParOldGen       total 224768K, used 127592K [0x00000000c0000000, 0x00000000cdb80000, 0x00000000eab00000)
  object space 224768K, 56% used [0x00000000c0000000,0x00000000c7c9a0f0,0x00000000cdb80000)
 Metaspace       used 65833K, capacity 69592K, committed 69760K, reserved 1110016K
  class space    used 8659K, capacity 8984K, committed 9088K, reserved 1048576K
Event: 92.702 GC heap after
Heap after GC invocations=31 (full 6):
 PSYoungGen      total 304128K, used 24512K [0x00000000eab00000, 0x0000000100000000, 0x0000000100000000)
  eden space 264192K, 0% used [0x00000000eab00000,0x00000000eab00000,0x00000000fad00000)
  from space 39936K, 61% used [0x00000000fad00000,0x00000000fc4f0388,0x00000000fd400000)
  to   space 40960K, 0% used [0x00000000fd800000,0x00000000fd800000,0x0000000100000000)
 ParOldGen       total 224768K, used 127592K [0x00000000c0000000, 0x00000000cdb80000, 0x00000000eab00000)
  object space 224768K, 56% used [0x00000000c0000000,0x00000000c7c9a0f0,0x00000000cdb80000)
 Metaspace       used 65833K, capacity 69592K, committed 69760K, reserved 1110016K
  class space    used 8659K, capacity 8984K, committed 9088K, reserved 1048576K
}
Event: 96.756 GC heap before
{Heap before GC invocations=32 (full 6):
 PSYoungGen      total 304128K, used 288704K [0x00000000eab00000, 0x0000000100000000, 0x0000000100000000)
  eden space 264192K, 100% used [0x00000000eab00000,0x00000000fad00000,0x00000000fad00000)
  from space 39936K, 61% used [0x00000000fad00000,0x00000000fc4f0388,0x00000000fd400000)
  to   space 40960K, 0% used [0x00000000fd800000,0x00000000fd800000,0x0000000100000000)
 ParOldGen       total 224768K, used 127592K [0x00000000c0000000, 0x00000000cdb80000, 0x00000000eab00000)
  object space 224768K, 56% used [0x00000000c0000000,0x00000000c7c9a0f0,0x00000000cdb80000)
 Metaspace       used 65841K, capacity 69592K, committed 69760K, reserved 1110016K
  class space    used 8659K, capacity 8984K, committed 9088K, reserved 1048576K
Event: 96.827 GC heap after
Heap after GC invocations=32 (full 6):
 PSYoungGen      total 304128K, used 29681K [0x00000000eab00000, 0x0000000100000000, 0x0000000100000000)
  eden space 263168K, 0% used [0x00000000eab00000,0x00000000eab00000,0x00000000fac00000)
  from space 40960K, 72% used [0x00000000fd800000,0x00000000ff4fc538,0x0000000100000000)
  to   space 43008K, 0% used [0x00000000fac00000,0x00000000fac00000,0x00000000fd600000)
 ParOldGen       total 224768K, used 127600K [0x00000000c0000000, 0x00000000cdb80000, 0x00000000eab00000)
  object space 224768K, 56% used [0x00000000c0000000,0x00000000c7c9c0f0,0x00000000cdb80000)
 Metaspace       used 65841K, capacity 69592K, committed 69760K, reserved 1110016K
  class space    used 8659K, capacity 8984K, committed 9088K, reserved 1048576K
}
Event: 191.558 GC heap before
{Heap before GC invocations=33 (full 6):
 PSYoungGen      total 304128K, used 292849K [0x00000000eab00000, 0x0000000100000000, 0x0000000100000000)
  eden space 263168K, 100% used [0x00000000eab00000,0x00000000fac00000,0x00000000fac00000)
  from space 40960K, 72% used [0x00000000fd800000,0x00000000ff4fc538,0x0000000100000000)
  to   space 43008K, 0% used [0x00000000fac00000,0x00000000fac00000,0x00000000fd600000)
 ParOldGen       total 224768K, used 127600K [0x00000000c0000000, 0x00000000cdb80000, 0x00000000eab00000)
  object space 224768K, 56% used [0x00000000c0000000,0x00000000c7c9c0f0,0x00000000cdb80000)
 Metaspace       used 69144K, capacity 73900K, committed 74112K, reserved 1114112K
  class space    used 9149K, capacity 9588K, committed 9600K, reserved 1048576K
Event: 191.645 GC heap after
Heap after GC invocations=33 (full 6):
 PSYoungGen      total 294912K, used 31662K [0x00000000eab00000, 0x0000000100000000, 0x0000000100000000)
  eden space 263168K, 0% used [0x00000000eab00000,0x00000000eab00000,0x00000000fac00000)
  from space 31744K, 99% used [0x00000000fac00000,0x00000000fcaebb60,0x00000000fcb00000)
  to   space 45568K, 0% used [0x00000000fd380000,0x00000000fd380000,0x0000000100000000)
 ParOldGen       total 224768K, used 127608K [0x00000000c0000000, 0x00000000cdb80000, 0x00000000eab00000)
  object space 224768K, 56% used [0x00000000c0000000,0x00000000c7c9e0f0,0x00000000cdb80000)
 Metaspace       used 69144K, capacity 73900K, committed 74112K, reserved 1114112K
  class space    used 9149K, capacity 9588K, committed 9600K, reserved 1048576K
}
Event: 551.612 GC heap before
{Heap before GC invocations=34 (full 6):
 PSYoungGen      total 294912K, used 294830K [0x00000000eab00000, 0x0000000100000000, 0x0000000100000000)
  eden space 263168K, 100% used [0x00000000eab00000,0x00000000fac00000,0x00000000fac00000)
  from space 31744K, 99% used [0x00000000fac00000,0x00000000fcaebb60,0x00000000fcb00000)
  to   space 45568K, 0% used [0x00000000fd380000,0x00000000fd380000,0x0000000100000000)
 ParOldGen       total 224768K, used 127608K [0x00000000c0000000, 0x00000000cdb80000, 0x00000000eab00000)
  object space 224768K, 56% used [0x00000000c0000000,0x00000000c7c9e0f0,0x00000000cdb80000)
 Metaspace       used 72661K, capacity 77978K, committed 78208K, reserved 1118208K
  class space    used 9480K, capacity 10003K, committed 10112K, reserved 1048576K
Event: 552.040 GC heap after
Heap after GC invocations=34 (full 6):
 PSYoungGen      total 298496K, used 33836K [0x00000000eab00000, 0x0000000100000000, 0x0000000100000000)
  eden space 252928K, 0% used [0x00000000eab00000,0x00000000eab00000,0x00000000fa200000)
  from space 45568K, 74% used [0x00000000fd380000,0x00000000ff48b088,0x0000000100000000)
  to   space 48128K, 0% used [0x00000000fa200000,0x00000000fa200000,0x00000000fd100000)
 ParOldGen       total 224768K, used 127616K [0x00000000c0000000, 0x00000000cdb80000, 0x00000000eab00000)
  object space 224768K, 56% used [0x00000000c0000000,0x00000000c7ca00f0,0x00000000cdb80000)
 Metaspace       used 72661K, capacity 77978K, committed 78208K, reserved 1118208K
  class space    used 9480K, capacity 10003K, committed 10112K, reserved 1048576K
}

