# JRE version: OpenJDK Runtime Environment (8.0_252-b09) (build 1.8.0_252-8u252-b09-1~18.04-b09)
# Java VM: OpenJDK 64-Bit Server VM (25.252-b09 mixed mode linux-amd64 compressed oops)
Heap:
 PSYoungGen      total 164352K, used 9706K [0x00000000eab00000, 0x00000000f5f00000, 0x0000000100000000)
  eden space 154624K, 0% used [0x00000000eab00000,0x00000000eab00000,0x00000000f4200000)
  from space 9728K, 99% used [0x00000000f4200000,0x00000000f4b7a8b0,0x00000000f4b80000)
  to   space 7680K, 0% used [0x00000000f4b80000,0x00000000f4b80000,0x00000000f5300000)
 ParOldGen       total 46080K, used 23358K [0x00000000c0000000, 0x00000000c2d00000, 0x00000000eab00000)
  object space 46080K, 50% used [0x00000000c0000000,0x00000000c16cf8a8,0x00000000c2d00000)
 Metaspace       used 55727K, capacity 59008K, committed 59136K, reserved 1099776K
  class space    used 7523K, capacity 7828K, committed 7936K, reserved 1048576K
GC Heap History (10 events):
Event: 5.729 GC heap after
Heap after GC invocations=8 (full 1):
 PSYoungGen      total 68608K, used 0K [0x00000000eab00000, 0x00000000f3100000, 0x0000000100000000)
  eden space 62976K, 0% used [0x00000000eab00000,0x00000000eab00000,0x00000000ee880000)
  from space 5632K, 0% used [0x00000000ee880000,0x00000000ee880000,0x00000000eee00000)
  to   space 5632K, 0% used [0x00000000f2b80000,0x00000000f2b80000,0x00000000f3100000)
 ParOldGen       total 29184K, used 5933K [0x00000000c0000000, 0x00000000c1c80000, 0x00000000eab00000)
  object space 29184K, 20% used [0x00000000c0000000,0x00000000c05cb488,0x00000000c1c80000)
 Metaspace       used 20240K, capacity 21240K, committed 21296K, reserved 1067008K
  class space    used 2834K, capacity 2936K, committed 2944K, reserved 1048576K
}
Event: 6.851 GC heap before
{Heap before GC invocations=9 (full 1):
 PSYoungGen      total 68608K, used 62976K [0x00000000eab00000, 0x00000000f3100000, 0x0000000100000000)
  eden space 62976K, 100% used [0x00000000eab00000,0x00000000ee880000,0x00000000ee880000)
  from space 5632K, 0% used [0x00000000ee880000,0x00000000ee880000,0x00000000eee00000)
  to   space 5632K, 0% used [0x00000000f2b80000,0x00000000f2b80000,0x00000000f3100000)
 ParOldGen       total 29184K, used 5933K [0x00000000c0000000, 0x00000000c1c80000, 0x00000000eab00000)
  object space 29184K, 20% used [0x00000000c0000000,0x00000000c05cb488,0x00000000c1c80000)
 Metaspace       used 25086K, capacity 26366K, committed 26496K, reserved 1073152K
  class space    used 3471K, capacity 3633K, committed 3712K, reserved 1048576K
Event: 6.862 GC heap after
Heap after GC invocations=9 (full 1):
 PSYoungGen      total 113664K, used 4757K [0x00000000eab00000, 0x00000000f3080000, 0x0000000100000000)
  eden space 108544K, 0% used [0x00000000eab00000,0x00000000eab00000,0x00000000f1500000)
  from space 5120K, 92% used [0x00000000f2b80000,0x00000000f3025628,0x00000000f3080000)
  to   space 5632K, 0% used [0x00000000f2580000,0x00000000f2580000,0x00000000f2b00000)
 ParOldGen       total 29184K, used 5933K [0x00000000c0000000, 0x00000000c1c80000, 0x00000000eab00000)
  object space 29184K, 20% used [0x00000000c0000000,0x00000000c05cb488,0x00000000c1c80000)
 Metaspace       used 25086K, capacity 26366K, committed 26496K, reserved 1073152K
  class space    used 3471K, capacity 3633K, committed 3712K, reserved 1048576K
}
Event: 8.431 GC heap before
{Heap before GC invocations=10 (full 1):
 PSYoungGen      total 113664K, used 83698K [0x00000000eab00000, 0x00000000f3080000, 0x0000000100000000)
  eden space 108544K, 72% used [0x00000000eab00000,0x00000000ef817250,0x00000000f1500000)
  from space 5120K, 92% used [0x00000000f2b80000,0x00000000f3025628,0x00000000f3080000)
  to   space 5632K, 0% used [0x00000000f2580000,0x00000000f2580000,0x00000000f2b00000)
 ParOldGen       total 29184K, used 5933K [0x00000000c0000000, 0x00000000c1c80000, 0x00000000eab00000)
  object space 29184K, 20% used [0x00000000c0000000,0x00000000c05cb488,0x00000000c1c80000)
 Metaspace       used 33401K, capacity 35410K, committed 35496K, reserved 1079296K
  class space    used 4610K, capacity 4823K, committed 4864K, reserved 1048576K
Event: 8.460 GC heap after
Heap after GC invocations=10 (full 1):
 PSYoungGen      total 131072K, used 5624K [0x00000000eab00000, 0x00000000f5300000, 0x0000000100000000)
  eden space 125440K, 0% used [0x00000000eab00000,0x00000000eab00000,0x00000000f2580000)
  from space 5632K, 99% used [0x00000000f2580000,0x00000000f2afe2e8,0x00000000f2b00000)
  to   space 7680K, 0% used [0x00000000f4b80000,0x00000000f4b80000,0x00000000f5300000)
 ParOldGen       total 29184K, used 8998K [0x00000000c0000000, 0x00000000c1c80000, 0x00000000eab00000)
  object space 29184K, 30% used [0x00000000c0000000,0x00000000c08c9a30,0x00000000c1c80000)
 Metaspace       used 33401K, capacity 35410K, committed 35496K, reserved 1079296K
  class space    used 4610K, capacity 4823K, committed 4864K, reserved 1048576K
}
Event: 8.460 GC heap before
{Heap before GC invocations=11 (full 2):
 PSYoungGen      total 131072K, used 5624K [0x00000000eab00000, 0x00000000f5300000, 0x0000000100000000)
  eden space 125440K, 0% used [0x00000000eab00000,0x00000000eab00000,0x00000000f2580000)
  from space 5632K, 99% used [0x00000000f2580000,0x00000000f2afe2e8,0x00000000f2b00000)
  to   space 7680K, 0% used [0x00000000f4b80000,0x00000000f4b80000,0x00000000f5300000)
 ParOldGen       total 29184K, used 8998K [0x00000000c0000000, 0x00000000c1c80000, 0x00000000eab00000)
  object space 29184K, 30% used [0x00000000c0000000,0x00000000c08c9a30,0x00000000c1c80000)
 Metaspace       used 33401K, capacity 35410K, committed 35496K, reserved 1079296K
  class space    used 4610K, capacity 4823K, committed 4864K, reserved 1048576K
Event: 8.517 GC heap after
Heap after GC invocations=11 (full 2):
 PSYoungGen      total 131072K, used 0K [0x00000000eab00000, 0x00000000f5300000, 0x0000000100000000)
  eden space 125440K, 0% used [0x00000000eab00000,0x00000000eab00000,0x00000000f2580000)
  from space 5632K, 0% used [0x00000000f2580000,0x00000000f2580000,0x00000000f2b00000)
  to   space 7680K, 0% used [0x00000000f4b80000,0x00000000f4b80000,0x00000000f5300000)
 ParOldGen       total 46080K, used 12526K [0x00000000c0000000, 0x00000000c2d00000, 0x00000000eab00000)
  object space 46080K, 27% used [0x00000000c0000000,0x00000000c0c3bb68,0x00000000c2d00000)
 Metaspace       used 33401K, capacity 35410K, committed 35496K, reserved 1079296K
  class space    used 4610K, capacity 4823K, committed 4864K, reserved 1048576K
}
Event: 10.795 GC heap before
{Heap before GC invocations=12 (full 2):
 PSYoungGen      total 131072K, used 125440K [0x00000000eab00000, 0x00000000f5300000, 0x0000000100000000)
  eden space 125440K, 100% used [0x00000000eab00000,0x00000000f2580000,0x00000000f2580000)
  from space 5632K, 0% used [0x00000000f2580000,0x00000000f2580000,0x00000000f2b00000)
  to   space 7680K, 0% used [0x00000000f4b80000,0x00000000f4b80000,0x00000000f5300000)
 ParOldGen       total 46080K, used 12526K [0x00000000c0000000, 0x00000000c2d00000, 0x00000000eab00000)
  object space 46080K, 27% used [0x00000000c0000000,0x00000000c0c3bb68,0x00000000c2d00000)
 Metaspace       used 44861K, capacity 47586K, committed 47744K, reserved 1091584K
  class space    used 5964K, capacity 6225K, committed 6272K, reserved 1048576K
Event: 10.820 GC heap after
Heap after GC invocations=12 (full 2):
 PSYoungGen      total 162304K, used 7676K [0x00000000eab00000, 0x00000000f5f00000, 0x0000000100000000)
  eden space 154624K, 0% used [0x00000000eab00000,0x00000000eab00000,0x00000000f4200000)
  from space 7680K, 99% used [0x00000000f4b80000,0x00000000f52ff208,0x00000000f5300000)
  to   space 9728K, 0% used [0x00000000f4200000,0x00000000f4200000,0x00000000f4b80000)
 ParOldGen       total 46080K, used 16550K [0x00000000c0000000, 0x00000000c2d00000, 0x00000000eab00000)
  object space 46080K, 35% used [0x00000000c0000000,0x00000000c1029838,0x00000000c2d00000)
 Metaspace       used 44861K, capacity 47586K, committed 47744K, reserved 1091584K
  class space    used 5964K, capacity 6225K, committed 6272K, reserved 1048576K
}
Event: 50.594 GC heap before
{Heap before GC invocations=13 (full 2):
 PSYoungGen      total 162304K, used 132480K [0x00000000eab00000, 0x00000000f5f00000, 0x0000000100000000)
  eden space 154624K, 80% used [0x00000000eab00000,0x00000000f24e1148,0x00000000f4200000)
  from space 7680K, 99% used [0x00000000f4b80000,0x00000000f52ff208,0x00000000f5300000)
  to   space 9728K, 0% used [0x00000000f4200000,0x00000000f4200000,0x00000000f4b80000)
 ParOldGen       total 46080K, used 16550K [0x00000000c0000000, 0x00000000c2d00000, 0x00000000eab00000)
  object space 46080K, 35% used [0x00000000c0000000,0x00000000c1029838,0x00000000c2d00000)
 Metaspace       used 55727K, capacity 59008K, committed 59136K, reserved 1099776K
  class space    used 7523K, capacity 7828K, committed 7936K, reserved 1048576K

