# JRE version: OpenJDK Runtime Environment (8.0_252-b09) (build 1.8.0_252-8u252-b09-1~18.04-b09)
# Java VM: OpenJDK 64-Bit Server VM (25.252-b09 mixed mode linux-amd64 compressed oops)
Heap:
 PSYoungGen      total 222208K, used 106884K [0x00000000eab00000, 0x0000000100000000, 0x0000000100000000)
  eden space 155648K, 68% used [0x00000000eab00000,0x00000000f13612a8,0x00000000f4300000)
  from space 66560K, 0% used [0x00000000f4300000,0x00000000f4300000,0x00000000f8400000)
  to   space 103936K, 0% used [0x00000000f9a80000,0x00000000f9a80000,0x0000000100000000)
 ParOldGen       total 541184K, used 461776K [0x00000000c0000000, 0x00000000e1080000, 0x00000000eab00000)
  object space 541184K, 85% used [0x00000000c0000000,0x00000000dc2f4298,0x00000000e1080000)
 Metaspace       used 84542K, capacity 89994K, committed 90240K, reserved 1128448K
  class space    used 10285K, capacity 10787K, committed 10880K, reserved 1048576K
GC Heap History (10 events):
Event: 458.416 GC heap before
{Heap before GC invocations=19 (full 5):
 PSYoungGen      total 176128K, used 20466K [0x00000000eab00000, 0x0000000100000000, 0x0000000100000000)
  eden space 155648K, 0% used [0x00000000eab00000,0x00000000eab00000,0x00000000f4300000)
  from space 20480K, 99% used [0x00000000fec00000,0x00000000ffffc8a0,0x0000000100000000)
  to   space 96768K, 0% used [0x00000000f4300000,0x00000000f4300000,0x00000000fa180000)
 ParOldGen       total 326656K, used 326489K [0x00000000c0000000, 0x00000000d3f00000, 0x00000000eab00000)
  object space 326656K, 99% used [0x00000000c0000000,0x00000000d3ed6758,0x00000000d3f00000)
 Metaspace       used 83830K, capacity 89096K, committed 89344K, reserved 1128448K
  class space    used 10236K, capacity 10737K, committed 10752K, reserved 1048576K
Event: 458.516 GC heap after
Heap after GC invocations=19 (full 5):
 PSYoungGen      total 176128K, used 0K [0x00000000eab00000, 0x0000000100000000, 0x0000000100000000)
  eden space 155648K, 0% used [0x00000000eab00000,0x00000000eab00000,0x00000000f4300000)
  from space 20480K, 0% used [0x00000000fec00000,0x00000000fec00000,0x0000000100000000)
  to   space 96768K, 0% used [0x00000000f4300000,0x00000000f4300000,0x00000000fa180000)
 ParOldGen       total 216576K, used 22598K [0x00000000c0000000, 0x00000000cd380000, 0x00000000eab00000)
  object space 216576K, 10% used [0x00000000c0000000,0x00000000c1611960,0x00000000cd380000)
 Metaspace       used 83830K, capacity 89096K, committed 89344K, reserved 1128448K
  class space    used 10236K, capacity 10737K, committed 10752K, reserved 1048576K
}
Event: 573.182 GC heap before
{Heap before GC invocations=20 (full 6):
 PSYoungGen      total 176128K, used 155573K [0x00000000eab00000, 0x0000000100000000, 0x0000000100000000)
  eden space 155648K, 99% used [0x00000000eab00000,0x00000000f42ed468,0x00000000f4300000)
  from space 20480K, 0% used [0x00000000fec00000,0x00000000fec00000,0x0000000100000000)
  to   space 96768K, 0% used [0x00000000f4300000,0x00000000f4300000,0x00000000fa180000)
 ParOldGen       total 480256K, used 417400K [0x00000000c0000000, 0x00000000dd500000, 0x00000000eab00000)
  object space 480256K, 86% used [0x00000000c0000000,0x00000000d979e328,0x00000000dd500000)
 Metaspace       used 84209K, capacity 89638K, committed 89984K, reserved 1128448K
  class space    used 10283K, capacity 10785K, committed 10880K, reserved 1048576K
Event: 573.341 GC heap after
Heap after GC invocations=20 (full 6):
 PSYoungGen      total 176128K, used 0K [0x00000000eab00000, 0x0000000100000000, 0x0000000100000000)
  eden space 155648K, 0% used [0x00000000eab00000,0x00000000eab00000,0x00000000f4300000)
  from space 20480K, 0% used [0x00000000fec00000,0x00000000fec00000,0x0000000100000000)
  to   space 96768K, 0% used [0x00000000f4300000,0x00000000f4300000,0x00000000fa180000)
 ParOldGen       total 521728K, used 321430K [0x00000000c0000000, 0x00000000dfd80000, 0x00000000eab00000)
  object space 521728K, 61% used [0x00000000c0000000,0x00000000d39e5888,0x00000000dfd80000)
 Metaspace       used 84209K, capacity 89638K, committed 89984K, reserved 1128448K
  class space    used 10283K, capacity 10785K, committed 10880K, reserved 1048576K
}
Event: 579.629 GC heap before
{Heap before GC invocations=21 (full 7):
 PSYoungGen      total 176128K, used 155363K [0x00000000eab00000, 0x0000000100000000, 0x0000000100000000)
  eden space 155648K, 99% used [0x00000000eab00000,0x00000000f42b8db8,0x00000000f4300000)
  from space 20480K, 0% used [0x00000000fec00000,0x00000000fec00000,0x0000000100000000)
  to   space 96768K, 0% used [0x00000000f4300000,0x00000000f4300000,0x00000000fa180000)
 ParOldGen       total 607232K, used 578764K [0x00000000c0000000, 0x00000000e5100000, 0x00000000eab00000)
  object space 607232K, 95% used [0x00000000c0000000,0x00000000e3533018,0x00000000e5100000)
 Metaspace       used 84237K, capacity 89638K, committed 89984K, reserved 1128448K
  class space    used 10283K, capacity 10785K, committed 10880K, reserved 1048576K
Event: 579.785 GC heap after
Heap after GC invocations=21 (full 7):
 PSYoungGen      total 176128K, used 0K [0x00000000eab00000, 0x0000000100000000, 0x0000000100000000)
  eden space 155648K, 0% used [0x00000000eab00000,0x00000000eab00000,0x00000000f4300000)
  from space 20480K, 0% used [0x00000000fec00000,0x00000000fec00000,0x0000000100000000)
  to   space 96768K, 0% used [0x00000000f4300000,0x00000000f4300000,0x00000000fa180000)
 ParOldGen       total 442368K, used 233733K [0x00000000c0000000, 0x00000000db000000, 0x00000000eab00000)
  object space 442368K, 52% used [0x00000000c0000000,0x00000000ce4414d8,0x00000000db000000)
 Metaspace       used 84237K, capacity 89638K, committed 89984K, reserved 1128448K
  class space    used 10283K, capacity 10785K, committed 10880K, reserved 1048576K
}
Event: 698.253 GC heap before
{Heap before GC invocations=22 (full 7):
 PSYoungGen      total 176128K, used 153464K [0x00000000eab00000, 0x0000000100000000, 0x0000000100000000)
  eden space 155648K, 98% used [0x00000000eab00000,0x00000000f40de100,0x00000000f4300000)
  from space 20480K, 0% used [0x00000000fec00000,0x00000000fec00000,0x0000000100000000)
  to   space 96768K, 0% used [0x00000000f4300000,0x00000000f4300000,0x00000000fa180000)
 ParOldGen       total 442368K, used 233733K [0x00000000c0000000, 0x00000000db000000, 0x00000000eab00000)
  object space 442368K, 52% used [0x00000000c0000000,0x00000000ce4414d8,0x00000000db000000)
 Metaspace       used 84407K, capacity 89802K, committed 89984K, reserved 1128448K
  class space    used 10284K, capacity 10787K, committed 10880K, reserved 1048576K
Event: 698.308 GC heap after
Heap after GC invocations=22 (full 7):
 PSYoungGen      total 222208K, used 66321K [0x00000000eab00000, 0x0000000100000000, 0x0000000100000000)
  eden space 155648K, 0% used [0x00000000eab00000,0x00000000eab00000,0x00000000f4300000)
  from space 66560K, 99% used [0x00000000f4300000,0x00000000f83c4638,0x00000000f8400000)
  to   space 103936K, 0% used [0x00000000f9a80000,0x00000000f9a80000,0x0000000100000000)
 ParOldGen       total 442368K, used 233741K [0x00000000c0000000, 0x00000000db000000, 0x00000000eab00000)
  object space 442368K, 52% used [0x00000000c0000000,0x00000000ce4434d8,0x00000000db000000)
 Metaspace       used 84407K, capacity 89802K, committed 89984K, reserved 1128448K
  class space    used 10284K, capacity 10787K, committed 10880K, reserved 1048576K
}
Event: 830.527 GC heap before
{Heap before GC invocations=23 (full 8):
 PSYoungGen      total 222208K, used 221921K [0x00000000eab00000, 0x0000000100000000, 0x0000000100000000)
  eden space 155648K, 99% used [0x00000000eab00000,0x00000000f42f3df0,0x00000000f4300000)
  from space 66560K, 99% used [0x00000000f4300000,0x00000000f83c4638,0x00000000f8400000)
  to   space 103936K, 0% used [0x00000000f9a80000,0x00000000f9a80000,0x0000000100000000)
 ParOldGen       total 699392K, used 628543K [0x00000000c0000000, 0x00000000eab00000, 0x00000000eab00000)
  object space 699392K, 89% used [0x00000000c0000000,0x00000000e65cfea0,0x00000000eab00000)
 Metaspace       used 84512K, capacity 89930K, committed 90240K, reserved 1128448K
  class space    used 10285K, capacity 10787K, committed 10880K, reserved 1048576K
Event: 830.876 GC heap after
Heap after GC invocations=23 (full 8):
 PSYoungGen      total 222208K, used 0K [0x00000000eab00000, 0x0000000100000000, 0x0000000100000000)
  eden space 155648K, 0% used [0x00000000eab00000,0x00000000eab00000,0x00000000f4300000)
  from space 66560K, 0% used [0x00000000f4300000,0x00000000f4300000,0x00000000f8400000)
  to   space 103936K, 0% used [0x00000000f9a80000,0x00000000f9a80000,0x0000000100000000)
 ParOldGen       total 541184K, used 329897K [0x00000000c0000000, 0x00000000e1080000, 0x00000000eab00000)
  object space 541184K, 60% used [0x00000000c0000000,0x00000000d422a6e0,0x00000000e1080000)
 Metaspace       used 84512K, capacity 89930K, committed 90240K, reserved 1128448K
  class space    used 10285K, capacity 10787K, committed 10880K, reserved 1048576K
}

