# JRE version: OpenJDK Runtime Environment (8.0_252-b09) (build 1.8.0_252-8u252-b09-1~18.04-b09)
# Java VM: OpenJDK 64-Bit Server VM (25.252-b09 mixed mode linux-amd64 compressed oops)
Heap:
 PSYoungGen      total 163328K, used 10237K [0x00000000eab00000, 0x00000000f5f00000, 0x0000000100000000)
  eden space 153088K, 0% used [0x00000000eab00000,0x00000000eab00000,0x00000000f4080000)
  from space 10240K, 99% used [0x00000000f4080000,0x00000000f4a7f5c0,0x00000000f4a80000)
  to   space 7680K, 0% used [0x00000000f4a80000,0x00000000f4a80000,0x00000000f5200000)
 ParOldGen       total 47104K, used 23890K [0x00000000c0000000, 0x00000000c2e00000, 0x00000000eab00000)
  object space 47104K, 50% used [0x00000000c0000000,0x00000000c1754938,0x00000000c2e00000)
 Metaspace       used 55752K, capacity 59020K, committed 59136K, reserved 1099776K
  class space    used 7559K, capacity 7861K, committed 7936K, reserved 1048576K
GC Heap History (10 events):
Event: 4.942 GC heap after
Heap after GC invocations=8 (full 1):
 PSYoungGen      total 68608K, used 0K [0x00000000eab00000, 0x00000000f3100000, 0x0000000100000000)
  eden space 62976K, 0% used [0x00000000eab00000,0x00000000eab00000,0x00000000ee880000)
  from space 5632K, 0% used [0x00000000ee880000,0x00000000ee880000,0x00000000eee00000)
  to   space 5632K, 0% used [0x00000000f2b80000,0x00000000f2b80000,0x00000000f3100000)
 ParOldGen       total 29184K, used 5865K [0x00000000c0000000, 0x00000000c1c80000, 0x00000000eab00000)
  object space 29184K, 20% used [0x00000000c0000000,0x00000000c05ba668,0x00000000c1c80000)
 Metaspace       used 20184K, capacity 21176K, committed 21296K, reserved 1067008K
  class space    used 2825K, capacity 2936K, committed 2944K, reserved 1048576K
}
Event: 6.008 GC heap before
{Heap before GC invocations=9 (full 1):
 PSYoungGen      total 68608K, used 62976K [0x00000000eab00000, 0x00000000f3100000, 0x0000000100000000)
  eden space 62976K, 100% used [0x00000000eab00000,0x00000000ee880000,0x00000000ee880000)
  from space 5632K, 0% used [0x00000000ee880000,0x00000000ee880000,0x00000000eee00000)
  to   space 5632K, 0% used [0x00000000f2b80000,0x00000000f2b80000,0x00000000f3100000)
 ParOldGen       total 29184K, used 5865K [0x00000000c0000000, 0x00000000c1c80000, 0x00000000eab00000)
  object space 29184K, 20% used [0x00000000c0000000,0x00000000c05ba668,0x00000000c1c80000)
 Metaspace       used 24986K, capacity 26298K, committed 26496K, reserved 1073152K
  class space    used 3459K, capacity 3633K, committed 3712K, reserved 1048576K
Event: 6.023 GC heap after
Heap after GC invocations=9 (full 1):
 PSYoungGen      total 114176K, used 4738K [0x00000000eab00000, 0x00000000f3080000, 0x0000000100000000)
  eden space 109056K, 0% used [0x00000000eab00000,0x00000000eab00000,0x00000000f1580000)
  from space 5120K, 92% used [0x00000000f2b80000,0x00000000f3020808,0x00000000f3080000)
  to   space 5632K, 0% used [0x00000000f2580000,0x00000000f2580000,0x00000000f2b00000)
 ParOldGen       total 29184K, used 5865K [0x00000000c0000000, 0x00000000c1c80000, 0x00000000eab00000)
  object space 29184K, 20% used [0x00000000c0000000,0x00000000c05ba668,0x00000000c1c80000)
 Metaspace       used 24986K, capacity 26298K, committed 26496K, reserved 1073152K
  class space    used 3459K, capacity 3633K, committed 3712K, reserved 1048576K
}
Event: 7.452 GC heap before
{Heap before GC invocations=10 (full 1):
 PSYoungGen      total 114176K, used 83513K [0x00000000eab00000, 0x00000000f3080000, 0x0000000100000000)
  eden space 109056K, 72% used [0x00000000eab00000,0x00000000ef7edfb8,0x00000000f1580000)
  from space 5120K, 92% used [0x00000000f2b80000,0x00000000f3020808,0x00000000f3080000)
  to   space 5632K, 0% used [0x00000000f2580000,0x00000000f2580000,0x00000000f2b00000)
 ParOldGen       total 29184K, used 5865K [0x00000000c0000000, 0x00000000c1c80000, 0x00000000eab00000)
  object space 29184K, 20% used [0x00000000c0000000,0x00000000c05ba668,0x00000000c1c80000)
 Metaspace       used 33407K, capacity 35402K, committed 35496K, reserved 1079296K
  class space    used 4616K, capacity 4820K, committed 4864K, reserved 1048576K
Event: 7.466 GC heap after
Heap after GC invocations=10 (full 1):
 PSYoungGen      total 131072K, used 5628K [0x00000000eab00000, 0x00000000f5200000, 0x0000000100000000)
  eden space 125440K, 0% used [0x00000000eab00000,0x00000000eab00000,0x00000000f2580000)
  from space 5632K, 99% used [0x00000000f2580000,0x00000000f2aff1a0,0x00000000f2b00000)
  to   space 7680K, 0% used [0x00000000f4a80000,0x00000000f4a80000,0x00000000f5200000)
 ParOldGen       total 29184K, used 9066K [0x00000000c0000000, 0x00000000c1c80000, 0x00000000eab00000)
  object space 29184K, 31% used [0x00000000c0000000,0x00000000c08daa08,0x00000000c1c80000)
 Metaspace       used 33407K, capacity 35402K, committed 35496K, reserved 1079296K
  class space    used 4616K, capacity 4820K, committed 4864K, reserved 1048576K
}
Event: 7.466 GC heap before
{Heap before GC invocations=11 (full 2):
 PSYoungGen      total 131072K, used 5628K [0x00000000eab00000, 0x00000000f5200000, 0x0000000100000000)
  eden space 125440K, 0% used [0x00000000eab00000,0x00000000eab00000,0x00000000f2580000)
  from space 5632K, 99% used [0x00000000f2580000,0x00000000f2aff1a0,0x00000000f2b00000)
  to   space 7680K, 0% used [0x00000000f4a80000,0x00000000f4a80000,0x00000000f5200000)
 ParOldGen       total 29184K, used 9066K [0x00000000c0000000, 0x00000000c1c80000, 0x00000000eab00000)
  object space 29184K, 31% used [0x00000000c0000000,0x00000000c08daa08,0x00000000c1c80000)
 Metaspace       used 33407K, capacity 35402K, committed 35496K, reserved 1079296K
  class space    used 4616K, capacity 4820K, committed 4864K, reserved 1048576K
Event: 7.519 GC heap after
Heap after GC invocations=11 (full 2):
 PSYoungGen      total 131072K, used 0K [0x00000000eab00000, 0x00000000f5200000, 0x0000000100000000)
  eden space 125440K, 0% used [0x00000000eab00000,0x00000000eab00000,0x00000000f2580000)
  from space 5632K, 0% used [0x00000000f2580000,0x00000000f2580000,0x00000000f2b00000)
  to   space 7680K, 0% used [0x00000000f4a80000,0x00000000f4a80000,0x00000000f5200000)
 ParOldGen       total 47104K, used 12617K [0x00000000c0000000, 0x00000000c2e00000, 0x00000000eab00000)
  object space 47104K, 26% used [0x00000000c0000000,0x00000000c0c524e8,0x00000000c2e00000)
 Metaspace       used 33407K, capacity 35402K, committed 35496K, reserved 1079296K
  class space    used 4616K, capacity 4820K, committed 4864K, reserved 1048576K
}
Event: 9.763 GC heap before
{Heap before GC invocations=12 (full 2):
 PSYoungGen      total 131072K, used 125440K [0x00000000eab00000, 0x00000000f5200000, 0x0000000100000000)
  eden space 125440K, 100% used [0x00000000eab00000,0x00000000f2580000,0x00000000f2580000)
  from space 5632K, 0% used [0x00000000f2580000,0x00000000f2580000,0x00000000f2b00000)
  to   space 7680K, 0% used [0x00000000f4a80000,0x00000000f4a80000,0x00000000f5200000)
 ParOldGen       total 47104K, used 12617K [0x00000000c0000000, 0x00000000c2e00000, 0x00000000eab00000)
  object space 47104K, 26% used [0x00000000c0000000,0x00000000c0c524e8,0x00000000c2e00000)
 Metaspace       used 44888K, capacity 47650K, committed 47744K, reserved 1091584K
  class space    used 5967K, capacity 6225K, committed 6272K, reserved 1048576K
Event: 9.792 GC heap after
Heap after GC invocations=12 (full 2):
 PSYoungGen      total 160768K, used 7665K [0x00000000eab00000, 0x00000000f5f00000, 0x0000000100000000)
  eden space 153088K, 0% used [0x00000000eab00000,0x00000000eab00000,0x00000000f4080000)
  from space 7680K, 99% used [0x00000000f4a80000,0x00000000f51fc6e8,0x00000000f5200000)
  to   space 10240K, 0% used [0x00000000f4080000,0x00000000f4080000,0x00000000f4a80000)
 ParOldGen       total 47104K, used 17080K [0x00000000c0000000, 0x00000000c2e00000, 0x00000000eab00000)
  object space 47104K, 36% used [0x00000000c0000000,0x00000000c10ae2b8,0x00000000c2e00000)
 Metaspace       used 44888K, capacity 47650K, committed 47744K, reserved 1091584K
  class space    used 5967K, capacity 6225K, committed 6272K, reserved 1048576K
}
Event: 17.118 GC heap before
{Heap before GC invocations=13 (full 2):
 PSYoungGen      total 160768K, used 136717K [0x00000000eab00000, 0x00000000f5f00000, 0x0000000100000000)
  eden space 153088K, 84% used [0x00000000eab00000,0x00000000f2906d80,0x00000000f4080000)
  from space 7680K, 99% used [0x00000000f4a80000,0x00000000f51fc6e8,0x00000000f5200000)
  to   space 10240K, 0% used [0x00000000f4080000,0x00000000f4080000,0x00000000f4a80000)
 ParOldGen       total 47104K, used 17080K [0x00000000c0000000, 0x00000000c2e00000, 0x00000000eab00000)
  object space 47104K, 36% used [0x00000000c0000000,0x00000000c10ae2b8,0x00000000c2e00000)
 Metaspace       used 55752K, capacity 59020K, committed 59136K, reserved 1099776K
  class space    used 7559K, capacity 7861K, committed 7936K, reserved 1048576K

