# JRE version: OpenJDK Runtime Environment (8.0_252-b09) (build 1.8.0_252-8u252-b09-1~18.04-b09)
# Java VM: OpenJDK 64-Bit Server VM (25.252-b09 mixed mode linux-amd64 compressed oops)
Heap:
 PSYoungGen      total 132096K, used 0K [0x00000000eab00000, 0x00000000f3780000, 0x0000000100000000)
  eden space 122368K, 0% used [0x00000000eab00000,0x00000000eab00000,0x00000000f2280000)
  from space 9728K, 0% used [0x00000000f2d80000,0x00000000f2d80000,0x00000000f3700000)
  to   space 10752K, 0% used [0x00000000f2280000,0x00000000f2280000,0x00000000f2d00000)
 ParOldGen       total 41984K, used 19848K [0x00000000c0000000, 0x00000000c2900000, 0x00000000eab00000)
  object space 41984K, 47% used [0x00000000c0000000,0x00000000c1362268,0x00000000c2900000)
 Metaspace       used 55761K, capacity 59036K, committed 59160K, reserved 1101824K
  class space    used 7554K, capacity 7843K, committed 7936K, reserved 1048576K
GC Heap History (10 events):
Event: 8.057 GC heap after
Heap after GC invocations=14 (full 1):
 PSYoungGen      total 75776K, used 4075K [0x00000000eab00000, 0x00000000f1500000, 0x0000000100000000)
  eden space 70144K, 0% used [0x00000000eab00000,0x00000000eab00000,0x00000000eef80000)
  from space 5632K, 72% used [0x00000000eef80000,0x00000000ef37ad18,0x00000000ef500000)
  to   space 5632K, 0% used [0x00000000f0f80000,0x00000000f0f80000,0x00000000f1500000)
 ParOldGen       total 27648K, used 6415K [0x00000000c0000000, 0x00000000c1b00000, 0x00000000eab00000)
  object space 27648K, 23% used [0x00000000c0000000,0x00000000c0643d88,0x00000000c1b00000)
 Metaspace       used 33397K, capacity 35402K, committed 35496K, reserved 1079296K
  class space    used 4611K, capacity 4820K, committed 4864K, reserved 1048576K
}
Event: 8.057 GC heap before
{Heap before GC invocations=15 (full 2):
 PSYoungGen      total 75776K, used 4075K [0x00000000eab00000, 0x00000000f1500000, 0x0000000100000000)
  eden space 70144K, 0% used [0x00000000eab00000,0x00000000eab00000,0x00000000eef80000)
  from space 5632K, 72% used [0x00000000eef80000,0x00000000ef37ad18,0x00000000ef500000)
  to   space 5632K, 0% used [0x00000000f0f80000,0x00000000f0f80000,0x00000000f1500000)
 ParOldGen       total 27648K, used 6415K [0x00000000c0000000, 0x00000000c1b00000, 0x00000000eab00000)
  object space 27648K, 23% used [0x00000000c0000000,0x00000000c0643d88,0x00000000c1b00000)
 Metaspace       used 33397K, capacity 35402K, committed 35496K, reserved 1079296K
  class space    used 4611K, capacity 4820K, committed 4864K, reserved 1048576K
Event: 8.112 GC heap after
Heap after GC invocations=15 (full 2):
 PSYoungGen      total 75776K, used 0K [0x00000000eab00000, 0x00000000f1500000, 0x0000000100000000)
  eden space 70144K, 0% used [0x00000000eab00000,0x00000000eab00000,0x00000000eef80000)
  from space 5632K, 0% used [0x00000000eef80000,0x00000000eef80000,0x00000000ef500000)
  to   space 5632K, 0% used [0x00000000f0f80000,0x00000000f0f80000,0x00000000f1500000)
 ParOldGen       total 41984K, used 9660K [0x00000000c0000000, 0x00000000c2900000, 0x00000000eab00000)
  object space 41984K, 23% used [0x00000000c0000000,0x00000000c096f398,0x00000000c2900000)
 Metaspace       used 33397K, capacity 35402K, committed 35496K, reserved 1079296K
  class space    used 4611K, capacity 4820K, committed 4864K, reserved 1048576K
}
Event: 9.132 GC heap before
{Heap before GC invocations=16 (full 2):
 PSYoungGen      total 75776K, used 70144K [0x00000000eab00000, 0x00000000f1500000, 0x0000000100000000)
  eden space 70144K, 100% used [0x00000000eab00000,0x00000000eef80000,0x00000000eef80000)
  from space 5632K, 0% used [0x00000000eef80000,0x00000000eef80000,0x00000000ef500000)
  to   space 5632K, 0% used [0x00000000f0f80000,0x00000000f0f80000,0x00000000f1500000)
 ParOldGen       total 41984K, used 9660K [0x00000000c0000000, 0x00000000c2900000, 0x00000000eab00000)
  object space 41984K, 23% used [0x00000000c0000000,0x00000000c096f398,0x00000000c2900000)
 Metaspace       used 39827K, capacity 42216K, committed 42368K, reserved 1085440K
  class space    used 5414K, capacity 5683K, committed 5760K, reserved 1048576K
Event: 9.155 GC heap after
Heap after GC invocations=16 (full 2):
 PSYoungGen      total 99328K, used 5609K [0x00000000eab00000, 0x00000000f1500000, 0x0000000100000000)
  eden space 93696K, 0% used [0x00000000eab00000,0x00000000eab00000,0x00000000f0680000)
  from space 5632K, 99% used [0x00000000f0f80000,0x00000000f14fa4b8,0x00000000f1500000)
  to   space 6656K, 0% used [0x00000000f0800000,0x00000000f0800000,0x00000000f0e80000)
 ParOldGen       total 41984K, used 10340K [0x00000000c0000000, 0x00000000c2900000, 0x00000000eab00000)
  object space 41984K, 24% used [0x00000000c0000000,0x00000000c0a19240,0x00000000c2900000)
 Metaspace       used 39827K, capacity 42216K, committed 42368K, reserved 1085440K
  class space    used 5414K, capacity 5683K, committed 5760K, reserved 1048576K
}
Event: 11.065 GC heap before
{Heap before GC invocations=17 (full 2):
 PSYoungGen      total 99328K, used 99305K [0x00000000eab00000, 0x00000000f1500000, 0x0000000100000000)
  eden space 93696K, 100% used [0x00000000eab00000,0x00000000f0680000,0x00000000f0680000)
  from space 5632K, 99% used [0x00000000f0f80000,0x00000000f14fa4b8,0x00000000f1500000)
  to   space 6656K, 0% used [0x00000000f0800000,0x00000000f0800000,0x00000000f0e80000)
 ParOldGen       total 41984K, used 10340K [0x00000000c0000000, 0x00000000c2900000, 0x00000000eab00000)
  object space 41984K, 24% used [0x00000000c0000000,0x00000000c0a19240,0x00000000c2900000)
 Metaspace       used 48568K, capacity 51436K, committed 51584K, reserved 1093632K
  class space    used 6405K, capacity 6672K, committed 6784K, reserved 1048576K
Event: 11.089 GC heap after
Heap after GC invocations=17 (full 2):
 PSYoungGen      total 101888K, used 6655K [0x00000000eab00000, 0x00000000f3700000, 0x0000000100000000)
  eden space 95232K, 0% used [0x00000000eab00000,0x00000000eab00000,0x00000000f0800000)
  from space 6656K, 99% used [0x00000000f0800000,0x00000000f0e7fcf0,0x00000000f0e80000)
  to   space 9728K, 0% used [0x00000000f2d80000,0x00000000f2d80000,0x00000000f3700000)
 ParOldGen       total 41984K, used 16819K [0x00000000c0000000, 0x00000000c2900000, 0x00000000eab00000)
  object space 41984K, 40% used [0x00000000c0000000,0x00000000c106cff0,0x00000000c2900000)
 Metaspace       used 48568K, capacity 51436K, committed 51584K, reserved 1093632K
  class space    used 6405K, capacity 6672K, committed 6784K, reserved 1048576K
}
Event: 26.761 GC heap before
{Heap before GC invocations=18 (full 2):
 PSYoungGen      total 101888K, used 88384K [0x00000000eab00000, 0x00000000f3700000, 0x0000000100000000)
  eden space 95232K, 85% used [0x00000000eab00000,0x00000000efad0698,0x00000000f0800000)
  from space 6656K, 99% used [0x00000000f0800000,0x00000000f0e7fcf0,0x00000000f0e80000)
  to   space 9728K, 0% used [0x00000000f2d80000,0x00000000f2d80000,0x00000000f3700000)
 ParOldGen       total 41984K, used 16819K [0x00000000c0000000, 0x00000000c2900000, 0x00000000eab00000)
  object space 41984K, 40% used [0x00000000c0000000,0x00000000c106cff0,0x00000000c2900000)
 Metaspace       used 55766K, capacity 59048K, committed 59160K, reserved 1101824K
  class space    used 7556K, capacity 7845K, committed 7936K, reserved 1048576K
Event: 26.802 GC heap after
Heap after GC invocations=18 (full 2):
 PSYoungGen      total 132096K, used 8084K [0x00000000eab00000, 0x00000000f3780000, 0x0000000100000000)
  eden space 122368K, 0% used [0x00000000eab00000,0x00000000eab00000,0x00000000f2280000)
  from space 9728K, 83% used [0x00000000f2d80000,0x00000000f35650a8,0x00000000f3700000)
  to   space 10752K, 0% used [0x00000000f2280000,0x00000000f2280000,0x00000000f2d00000)
 ParOldGen       total 41984K, used 20151K [0x00000000c0000000, 0x00000000c2900000, 0x00000000eab00000)
  object space 41984K, 47% used [0x00000000c0000000,0x00000000c13add00,0x00000000c2900000)
 Metaspace       used 55766K, capacity 59048K, committed 59160K, reserved 1101824K
  class space    used 7556K, capacity 7845K, committed 7936K, reserved 1048576K
}
Event: 26.802 GC heap before
{Heap before GC invocations=19 (full 3):
 PSYoungGen      total 132096K, used 8084K [0x00000000eab00000, 0x00000000f3780000, 0x0000000100000000)
  eden space 122368K, 0% used [0x00000000eab00000,0x00000000eab00000,0x00000000f2280000)
  from space 9728K, 83% used [0x00000000f2d80000,0x00000000f35650a8,0x00000000f3700000)
  to   space 10752K, 0% used [0x00000000f2280000,0x00000000f2280000,0x00000000f2d00000)
 ParOldGen       total 41984K, used 20151K [0x00000000c0000000, 0x00000000c2900000, 0x00000000eab00000)
  object space 41984K, 47% used [0x00000000c0000000,0x00000000c13add00,0x00000000c2900000)
 Metaspace       used 55766K, capacity 59048K, committed 59160K, reserved 1101824K
  class space    used 7556K, capacity 7845K, committed 7936K, reserved 1048576K

