# JRE version: OpenJDK Runtime Environment (8.0_252-b09) (build 1.8.0_252-8u252-b09-1~18.04-b09)
# Java VM: OpenJDK 64-Bit Server VM (25.252-b09 mixed mode linux-amd64 compressed oops)
Heap:
 PSYoungGen      total 221184K, used 10229K [0x00000000eab00000, 0x00000000f9800000, 0x0000000100000000)
  eden space 210944K, 0% used [0x00000000eab00000,0x00000000eab00000,0x00000000f7900000)
  from space 10240K, 99% used [0x00000000f7900000,0x00000000f82fd5f0,0x00000000f8300000)
  to   space 10240K, 0% used [0x00000000f8300000,0x00000000f8300000,0x00000000f8d00000)
 ParOldGen       total 43008K, used 20639K [0x00000000c0000000, 0x00000000c2a00000, 0x00000000eab00000)
  object space 43008K, 47% used [0x00000000c0000000,0x00000000c1427e90,0x00000000c2a00000)
 Metaspace       used 52637K, capacity 55628K, committed 55808K, reserved 1097728K
  class space    used 6897K, capacity 7166K, committed 7168K, reserved 1048576K
GC Heap History (10 events):
Event: 5.224 GC heap after
Heap after GC invocations=6 (full 0):
 PSYoungGen      total 133632K, used 3393K [0x00000000eab00000, 0x00000000f3500000, 0x0000000100000000)
  eden space 126976K, 0% used [0x00000000eab00000,0x00000000eab00000,0x00000000f2700000)
  from space 6656K, 50% used [0x00000000f2e80000,0x00000000f31d04f8,0x00000000f3500000)
  to   space 7168K, 0% used [0x00000000f2700000,0x00000000f2700000,0x00000000f2e00000)
 ParOldGen       total 42496K, used 9896K [0x00000000c0000000, 0x00000000c2980000, 0x00000000eab00000)
  object space 42496K, 23% used [0x00000000c0000000,0x00000000c09aa230,0x00000000c2980000)
 Metaspace       used 20237K, capacity 21240K, committed 21296K, reserved 1067008K
  class space    used 2834K, capacity 2936K, committed 2944K, reserved 1048576K
}
Event: 5.224 GC heap before
{Heap before GC invocations=7 (full 1):
 PSYoungGen      total 133632K, used 3393K [0x00000000eab00000, 0x00000000f3500000, 0x0000000100000000)
  eden space 126976K, 0% used [0x00000000eab00000,0x00000000eab00000,0x00000000f2700000)
  from space 6656K, 50% used [0x00000000f2e80000,0x00000000f31d04f8,0x00000000f3500000)
  to   space 7168K, 0% used [0x00000000f2700000,0x00000000f2700000,0x00000000f2e00000)
 ParOldGen       total 42496K, used 9896K [0x00000000c0000000, 0x00000000c2980000, 0x00000000eab00000)
  object space 42496K, 23% used [0x00000000c0000000,0x00000000c09aa230,0x00000000c2980000)
 Metaspace       used 20237K, capacity 21240K, committed 21296K, reserved 1067008K
  class space    used 2834K, capacity 2936K, committed 2944K, reserved 1048576K
Event: 5.270 GC heap after
Heap after GC invocations=7 (full 1):
 PSYoungGen      total 133632K, used 0K [0x00000000eab00000, 0x00000000f3500000, 0x0000000100000000)
  eden space 126976K, 0% used [0x00000000eab00000,0x00000000eab00000,0x00000000f2700000)
  from space 6656K, 0% used [0x00000000f2e80000,0x00000000f2e80000,0x00000000f3500000)
  to   space 7168K, 0% used [0x00000000f2700000,0x00000000f2700000,0x00000000f2e00000)
 ParOldGen       total 31232K, used 5092K [0x00000000c0000000, 0x00000000c1e80000, 0x00000000eab00000)
  object space 31232K, 16% used [0x00000000c0000000,0x00000000c04f91e8,0x00000000c1e80000)
 Metaspace       used 20237K, capacity 21240K, committed 21296K, reserved 1067008K
  class space    used 2834K, capacity 2936K, committed 2944K, reserved 1048576K
}
Event: 7.855 GC heap before
{Heap before GC invocations=8 (full 1):
 PSYoungGen      total 133632K, used 126976K [0x00000000eab00000, 0x00000000f3500000, 0x0000000100000000)
  eden space 126976K, 100% used [0x00000000eab00000,0x00000000f2700000,0x00000000f2700000)
  from space 6656K, 0% used [0x00000000f2e80000,0x00000000f2e80000,0x00000000f3500000)
  to   space 7168K, 0% used [0x00000000f2700000,0x00000000f2700000,0x00000000f2e00000)
 ParOldGen       total 31232K, used 5092K [0x00000000c0000000, 0x00000000c1e80000, 0x00000000eab00000)
  object space 31232K, 16% used [0x00000000c0000000,0x00000000c04f91e8,0x00000000c1e80000)
 Metaspace       used 31869K, capacity 33636K, committed 33792K, reserved 1079296K
  class space    used 4380K, capacity 4580K, committed 4608K, reserved 1048576K
Event: 7.877 GC heap after
Heap after GC invocations=8 (full 1):
 PSYoungGen      total 134144K, used 7161K [0x00000000eab00000, 0x00000000f8d00000, 0x0000000100000000)
  eden space 126976K, 0% used [0x00000000eab00000,0x00000000eab00000,0x00000000f2700000)
  from space 7168K, 99% used [0x00000000f2700000,0x00000000f2dfe598,0x00000000f2e00000)
  to   space 10240K, 0% used [0x00000000f8300000,0x00000000f8300000,0x00000000f8d00000)
 ParOldGen       total 31232K, used 9166K [0x00000000c0000000, 0x00000000c1e80000, 0x00000000eab00000)
  object space 31232K, 29% used [0x00000000c0000000,0x00000000c08f3ae0,0x00000000c1e80000)
 Metaspace       used 31869K, capacity 33636K, committed 33792K, reserved 1079296K
  class space    used 4380K, capacity 4580K, committed 4608K, reserved 1048576K
}
Event: 8.094 GC heap before
{Heap before GC invocations=9 (full 1):
 PSYoungGen      total 134144K, used 22522K [0x00000000eab00000, 0x00000000f8d00000, 0x0000000100000000)
  eden space 126976K, 12% used [0x00000000eab00000,0x00000000eba00478,0x00000000f2700000)
  from space 7168K, 99% used [0x00000000f2700000,0x00000000f2dfe598,0x00000000f2e00000)
  to   space 10240K, 0% used [0x00000000f8300000,0x00000000f8300000,0x00000000f8d00000)
 ParOldGen       total 31232K, used 9166K [0x00000000c0000000, 0x00000000c1e80000, 0x00000000eab00000)
  object space 31232K, 29% used [0x00000000c0000000,0x00000000c08f3ae0,0x00000000c1e80000)
 Metaspace       used 33381K, capacity 35410K, committed 35496K, reserved 1079296K
  class space    used 4600K, capacity 4823K, committed 4864K, reserved 1048576K
Event: 8.106 GC heap after
Heap after GC invocations=9 (full 1):
 PSYoungGen      total 221184K, used 4361K [0x00000000eab00000, 0x00000000f9800000, 0x0000000100000000)
  eden space 210944K, 0% used [0x00000000eab00000,0x00000000eab00000,0x00000000f7900000)
  from space 10240K, 42% used [0x00000000f8300000,0x00000000f8742770,0x00000000f8d00000)
  to   space 10240K, 0% used [0x00000000f7900000,0x00000000f7900000,0x00000000f8300000)
 ParOldGen       total 31232K, used 9174K [0x00000000c0000000, 0x00000000c1e80000, 0x00000000eab00000)
  object space 31232K, 29% used [0x00000000c0000000,0x00000000c08f5ae0,0x00000000c1e80000)
 Metaspace       used 33381K, capacity 35410K, committed 35496K, reserved 1079296K
  class space    used 4600K, capacity 4823K, committed 4864K, reserved 1048576K
}
Event: 8.106 GC heap before
{Heap before GC invocations=10 (full 2):
 PSYoungGen      total 221184K, used 4361K [0x00000000eab00000, 0x00000000f9800000, 0x0000000100000000)
  eden space 210944K, 0% used [0x00000000eab00000,0x00000000eab00000,0x00000000f7900000)
  from space 10240K, 42% used [0x00000000f8300000,0x00000000f8742770,0x00000000f8d00000)
  to   space 10240K, 0% used [0x00000000f7900000,0x00000000f7900000,0x00000000f8300000)
 ParOldGen       total 31232K, used 9174K [0x00000000c0000000, 0x00000000c1e80000, 0x00000000eab00000)
  object space 31232K, 29% used [0x00000000c0000000,0x00000000c08f5ae0,0x00000000c1e80000)
 Metaspace       used 33381K, capacity 35410K, committed 35496K, reserved 1079296K
  class space    used 4600K, capacity 4823K, committed 4864K, reserved 1048576K
Event: 8.150 GC heap after
Heap after GC invocations=10 (full 2):
 PSYoungGen      total 221184K, used 0K [0x00000000eab00000, 0x00000000f9800000, 0x0000000100000000)
  eden space 210944K, 0% used [0x00000000eab00000,0x00000000eab00000,0x00000000f7900000)
  from space 10240K, 0% used [0x00000000f8300000,0x00000000f8300000,0x00000000f8d00000)
  to   space 10240K, 0% used [0x00000000f7900000,0x00000000f7900000,0x00000000f8300000)
 ParOldGen       total 43008K, used 8846K [0x00000000c0000000, 0x00000000c2a00000, 0x00000000eab00000)
  object space 43008K, 20% used [0x00000000c0000000,0x00000000c08a3b10,0x00000000c2a00000)
 Metaspace       used 33381K, capacity 35410K, committed 35496K, reserved 1079296K
  class space    used 4600K, capacity 4823K, committed 4864K, reserved 1048576K
}
Event: 12.719 GC heap before
{Heap before GC invocations=11 (full 2):
 PSYoungGen      total 221184K, used 210944K [0x00000000eab00000, 0x00000000f9800000, 0x0000000100000000)
  eden space 210944K, 100% used [0x00000000eab00000,0x00000000f7900000,0x00000000f7900000)
  from space 10240K, 0% used [0x00000000f8300000,0x00000000f8300000,0x00000000f8d00000)
  to   space 10240K, 0% used [0x00000000f7900000,0x00000000f7900000,0x00000000f8300000)
 ParOldGen       total 43008K, used 8846K [0x00000000c0000000, 0x00000000c2a00000, 0x00000000eab00000)
  object space 43008K, 20% used [0x00000000c0000000,0x00000000c08a3b10,0x00000000c2a00000)
 Metaspace       used 52637K, capacity 55628K, committed 55808K, reserved 1097728K
  class space    used 6897K, capacity 7166K, committed 7168K, reserved 1048576K

